<?xml version="1.0" encoding="UTF-8"?>
<!-- Generated by org.testng.reporters.JUnitReportReporter -->
<testsuite hostname="LAPTOP-RNF7R3U9" failures="0" tests="2" name="com.qa.test.logInTest" time="40.654" errors="0" timestamp="2021-06-06T21:38:41 EDT" skipped="0">
  <testcase classname="com.qa.test.logInTest" name="test" time="13.664"/>
  <system-out/>
  <testcase classname="com.qa.test.logInTest" name="test" time="26.990"/>
  <system-out/>
</testsuite> <!-- com.qa.test.logInTest -->
