<?xml version="1.0" encoding="UTF-8"?>
<!-- Generated by org.testng.reporters.JUnitReportReporter -->
<testsuite hostname="LAPTOP-RNF7R3U9" failures="0" tests="2" name="com.qa.test.logInTest" time="20.840" errors="0" timestamp="2021-06-04T08:17:49 EDT" skipped="0">
  <testcase classname="com.qa.test.logInTest" name="test" time="6.108"/>
  <system-out/>
  <testcase classname="com.qa.test.logInTest" name="test" time="14.732"/>
  <system-out/>
</testsuite> <!-- com.qa.test.logInTest -->
