<?xml version="1.0" encoding="UTF-8"?>
<!-- Generated by org.testng.reporters.JUnitReportReporter -->
<testsuite hostname="LAPTOP-RNF7R3U9" failures="0" tests="1" name="com.qa.test.logInTest" time="6.990" errors="0" timestamp="2021-06-04T16:45:01 EDT" skipped="0">
  <testcase classname="com.qa.test.logInTest" name="test" time="6.990"/>
  <system-out/>
</testsuite> <!-- com.qa.test.logInTest -->
